C:\USERS\MISHA\DOCUMENTS\VISUAL STUDIO 2012\PROJECTS\TIMENTRIS\TIMENTRIS\X64\DEBUG\BRICK.OBJ
C:\USERS\MISHA\DOCUMENTS\VISUAL STUDIO 2012\PROJECTS\TIMENTRIS\TIMENTRIS\X64\DEBUG\CAMERA.OBJ
C:\USERS\MISHA\DOCUMENTS\VISUAL STUDIO 2012\PROJECTS\TIMENTRIS\TIMENTRIS\X64\DEBUG\CONFIGURATION.OBJ
C:\USERS\MISHA\DOCUMENTS\VISUAL STUDIO 2012\PROJECTS\TIMENTRIS\TIMENTRIS\X64\DEBUG\CUP.OBJ
C:\USERS\MISHA\DOCUMENTS\VISUAL STUDIO 2012\PROJECTS\TIMENTRIS\TIMENTRIS\X64\DEBUG\CUP3DPROJECTION.OBJ
C:\USERS\MISHA\DOCUMENTS\VISUAL STUDIO 2012\PROJECTS\TIMENTRIS\TIMENTRIS\X64\DEBUG\GLWINDOW.OBJ
C:\USERS\MISHA\DOCUMENTS\VISUAL STUDIO 2012\PROJECTS\TIMENTRIS\TIMENTRIS\X64\DEBUG\GAMEOBJECT.OBJ
C:\USERS\MISHA\DOCUMENTS\VISUAL STUDIO 2012\PROJECTS\TIMENTRIS\TIMENTRIS\X64\DEBUG\INPUT.OBJ
C:\USERS\MISHA\DOCUMENTS\VISUAL STUDIO 2012\PROJECTS\TIMENTRIS\TIMENTRIS\X64\DEBUG\OPENGL.OBJ
C:\USERS\MISHA\DOCUMENTS\VISUAL STUDIO 2012\PROJECTS\TIMENTRIS\TIMENTRIS\X64\DEBUG\PIECE.OBJ
C:\USERS\MISHA\DOCUMENTS\VISUAL STUDIO 2012\PROJECTS\TIMENTRIS\TIMENTRIS\X64\DEBUG\PIECEHELPER.OBJ
C:\USERS\MISHA\DOCUMENTS\VISUAL STUDIO 2012\PROJECTS\TIMENTRIS\TIMENTRIS\X64\DEBUG\RENDER.OBJ
C:\USERS\MISHA\DOCUMENTS\VISUAL STUDIO 2012\PROJECTS\TIMENTRIS\TIMENTRIS\X64\DEBUG\SHADER.OBJ
C:\USERS\MISHA\DOCUMENTS\VISUAL STUDIO 2012\PROJECTS\TIMENTRIS\TIMENTRIS\X64\DEBUG\SHADERPROGRAM.OBJ
C:\USERS\MISHA\DOCUMENTS\VISUAL STUDIO 2012\PROJECTS\TIMENTRIS\TIMENTRIS\X64\DEBUG\TIMENTRISGAME.OBJ
C:\USERS\MISHA\DOCUMENTS\VISUAL STUDIO 2012\PROJECTS\TIMENTRIS\TIMENTRIS\X64\DEBUG\TRANSFORMATIONMATRICES.OBJ
C:\USERS\MISHA\DOCUMENTS\VISUAL STUDIO 2012\PROJECTS\TIMENTRIS\TIMENTRIS\X64\DEBUG\MAIN.OBJ
C:\USERS\MISHA\DOCUMENTS\VISUAL STUDIO 2012\PROJECTS\TIMENTRIS\TIMENTRIS\X64\DEBUG\VC110.PDB
C:\USERS\MISHA\DOCUMENTS\VISUAL STUDIO 2012\PROJECTS\TIMENTRIS\X64\DEBUG\TIMENTRIS.ILK
C:\USERS\MISHA\DOCUMENTS\VISUAL STUDIO 2012\PROJECTS\TIMENTRIS\X64\DEBUG\TIMENTRIS.EXE
C:\USERS\MISHA\DOCUMENTS\VISUAL STUDIO 2012\PROJECTS\TIMENTRIS\X64\DEBUG\TIMENTRIS.PDB
C:\Users\Misha\Documents\Visual Studio 2012\Projects\timentris\timentris\x64\Debug\Brick.obj
C:\Users\Misha\Documents\Visual Studio 2012\Projects\timentris\timentris\x64\Debug\Camera.obj
C:\Users\Misha\Documents\Visual Studio 2012\Projects\timentris\timentris\x64\Debug\Configuration.obj
C:\Users\Misha\Documents\Visual Studio 2012\Projects\timentris\timentris\x64\Debug\Cup.obj
C:\Users\Misha\Documents\Visual Studio 2012\Projects\timentris\timentris\x64\Debug\Cup3dProjection.obj
C:\Users\Misha\Documents\Visual Studio 2012\Projects\timentris\timentris\x64\Debug\GameObject.obj
C:\Users\Misha\Documents\Visual Studio 2012\Projects\timentris\timentris\x64\Debug\GLWindow.obj
C:\Users\Misha\Documents\Visual Studio 2012\Projects\timentris\timentris\x64\Debug\Input.obj
C:\Users\Misha\Documents\Visual Studio 2012\Projects\timentris\timentris\x64\Debug\main.obj
C:\Users\Misha\Documents\Visual Studio 2012\Projects\timentris\timentris\x64\Debug\OpenGL.obj
C:\Users\Misha\Documents\Visual Studio 2012\Projects\timentris\timentris\x64\Debug\Piece.obj
C:\Users\Misha\Documents\Visual Studio 2012\Projects\timentris\timentris\x64\Debug\PieceHelper.obj
C:\Users\Misha\Documents\Visual Studio 2012\Projects\timentris\timentris\x64\Debug\Render.obj
C:\Users\Misha\Documents\Visual Studio 2012\Projects\timentris\timentris\x64\Debug\Shader.obj
C:\Users\Misha\Documents\Visual Studio 2012\Projects\timentris\timentris\x64\Debug\ShaderProgram.obj
C:\Users\Misha\Documents\Visual Studio 2012\Projects\timentris\timentris\x64\Debug\TimentrisGame.obj
C:\Users\Misha\Documents\Visual Studio 2012\Projects\timentris\timentris\x64\Debug\TransformationMatrices.obj
C:\Users\Misha\Documents\Visual Studio 2012\Projects\timentris\timentris\x64\Debug\cl.command.1.tlog
C:\Users\Misha\Documents\Visual Studio 2012\Projects\timentris\timentris\x64\Debug\CL.read.1.tlog
C:\Users\Misha\Documents\Visual Studio 2012\Projects\timentris\timentris\x64\Debug\CL.write.1.tlog
C:\Users\Misha\Documents\Visual Studio 2012\Projects\timentris\timentris\x64\Debug\link-cvtres.read.1.tlog
C:\Users\Misha\Documents\Visual Studio 2012\Projects\timentris\timentris\x64\Debug\link-cvtres.write.1.tlog
C:\Users\Misha\Documents\Visual Studio 2012\Projects\timentris\timentris\x64\Debug\link-rc.read.1.tlog
C:\Users\Misha\Documents\Visual Studio 2012\Projects\timentris\timentris\x64\Debug\link-rc.write.1.tlog
C:\Users\Misha\Documents\Visual Studio 2012\Projects\timentris\timentris\x64\Debug\link.1172-cvtres.read.1.tlog
C:\Users\Misha\Documents\Visual Studio 2012\Projects\timentris\timentris\x64\Debug\link.1172-cvtres.write.1.tlog
C:\Users\Misha\Documents\Visual Studio 2012\Projects\timentris\timentris\x64\Debug\link.1172-rc.read.1.tlog
C:\Users\Misha\Documents\Visual Studio 2012\Projects\timentris\timentris\x64\Debug\link.1172-rc.write.1.tlog
C:\Users\Misha\Documents\Visual Studio 2012\Projects\timentris\timentris\x64\Debug\link.1172.read.1.tlog
C:\Users\Misha\Documents\Visual Studio 2012\Projects\timentris\timentris\x64\Debug\link.1172.write.1.tlog
C:\Users\Misha\Documents\Visual Studio 2012\Projects\timentris\timentris\x64\Debug\link.2884-cvtres.read.1.tlog
C:\Users\Misha\Documents\Visual Studio 2012\Projects\timentris\timentris\x64\Debug\link.2884-cvtres.write.1.tlog
C:\Users\Misha\Documents\Visual Studio 2012\Projects\timentris\timentris\x64\Debug\link.2884-rc.read.1.tlog
C:\Users\Misha\Documents\Visual Studio 2012\Projects\timentris\timentris\x64\Debug\link.2884-rc.write.1.tlog
C:\Users\Misha\Documents\Visual Studio 2012\Projects\timentris\timentris\x64\Debug\link.2884.read.1.tlog
C:\Users\Misha\Documents\Visual Studio 2012\Projects\timentris\timentris\x64\Debug\link.2884.write.1.tlog
C:\Users\Misha\Documents\Visual Studio 2012\Projects\timentris\timentris\x64\Debug\link.300-cvtres.read.1.tlog
C:\Users\Misha\Documents\Visual Studio 2012\Projects\timentris\timentris\x64\Debug\link.300-cvtres.write.1.tlog
C:\Users\Misha\Documents\Visual Studio 2012\Projects\timentris\timentris\x64\Debug\link.300-rc.read.1.tlog
C:\Users\Misha\Documents\Visual Studio 2012\Projects\timentris\timentris\x64\Debug\link.300-rc.write.1.tlog
C:\Users\Misha\Documents\Visual Studio 2012\Projects\timentris\timentris\x64\Debug\link.300.read.1.tlog
C:\Users\Misha\Documents\Visual Studio 2012\Projects\timentris\timentris\x64\Debug\link.300.write.1.tlog
C:\Users\Misha\Documents\Visual Studio 2012\Projects\timentris\timentris\x64\Debug\link.5060-cvtres.read.1.tlog
C:\Users\Misha\Documents\Visual Studio 2012\Projects\timentris\timentris\x64\Debug\link.5060-cvtres.write.1.tlog
C:\Users\Misha\Documents\Visual Studio 2012\Projects\timentris\timentris\x64\Debug\link.5060-rc.read.1.tlog
C:\Users\Misha\Documents\Visual Studio 2012\Projects\timentris\timentris\x64\Debug\link.5060-rc.write.1.tlog
C:\Users\Misha\Documents\Visual Studio 2012\Projects\timentris\timentris\x64\Debug\link.5060.read.1.tlog
C:\Users\Misha\Documents\Visual Studio 2012\Projects\timentris\timentris\x64\Debug\link.5060.write.1.tlog
C:\Users\Misha\Documents\Visual Studio 2012\Projects\timentris\timentris\x64\Debug\link.5840-cvtres.read.1.tlog
C:\Users\Misha\Documents\Visual Studio 2012\Projects\timentris\timentris\x64\Debug\link.5840-cvtres.write.1.tlog
C:\Users\Misha\Documents\Visual Studio 2012\Projects\timentris\timentris\x64\Debug\link.5840-rc.read.1.tlog
C:\Users\Misha\Documents\Visual Studio 2012\Projects\timentris\timentris\x64\Debug\link.5840-rc.write.1.tlog
C:\Users\Misha\Documents\Visual Studio 2012\Projects\timentris\timentris\x64\Debug\link.5840.read.1.tlog
C:\Users\Misha\Documents\Visual Studio 2012\Projects\timentris\timentris\x64\Debug\link.5840.write.1.tlog
C:\Users\Misha\Documents\Visual Studio 2012\Projects\timentris\timentris\x64\Debug\link.6028-cvtres.read.1.tlog
C:\Users\Misha\Documents\Visual Studio 2012\Projects\timentris\timentris\x64\Debug\link.6028-cvtres.write.1.tlog
C:\Users\Misha\Documents\Visual Studio 2012\Projects\timentris\timentris\x64\Debug\link.6028-rc.read.1.tlog
C:\Users\Misha\Documents\Visual Studio 2012\Projects\timentris\timentris\x64\Debug\link.6028-rc.write.1.tlog
C:\Users\Misha\Documents\Visual Studio 2012\Projects\timentris\timentris\x64\Debug\link.6028.read.1.tlog
C:\Users\Misha\Documents\Visual Studio 2012\Projects\timentris\timentris\x64\Debug\link.6028.write.1.tlog
C:\Users\Misha\Documents\Visual Studio 2012\Projects\timentris\timentris\x64\Debug\link.6500-cvtres.read.1.tlog
C:\Users\Misha\Documents\Visual Studio 2012\Projects\timentris\timentris\x64\Debug\link.6500-cvtres.write.1.tlog
C:\Users\Misha\Documents\Visual Studio 2012\Projects\timentris\timentris\x64\Debug\link.6500-rc.read.1.tlog
C:\Users\Misha\Documents\Visual Studio 2012\Projects\timentris\timentris\x64\Debug\link.6500-rc.write.1.tlog
C:\Users\Misha\Documents\Visual Studio 2012\Projects\timentris\timentris\x64\Debug\link.6500.read.1.tlog
C:\Users\Misha\Documents\Visual Studio 2012\Projects\timentris\timentris\x64\Debug\link.6500.write.1.tlog
C:\Users\Misha\Documents\Visual Studio 2012\Projects\timentris\timentris\x64\Debug\link.6532-cvtres.read.1.tlog
C:\Users\Misha\Documents\Visual Studio 2012\Projects\timentris\timentris\x64\Debug\link.6532-cvtres.write.1.tlog
C:\Users\Misha\Documents\Visual Studio 2012\Projects\timentris\timentris\x64\Debug\link.6532-rc.read.1.tlog
C:\Users\Misha\Documents\Visual Studio 2012\Projects\timentris\timentris\x64\Debug\link.6532-rc.write.1.tlog
C:\Users\Misha\Documents\Visual Studio 2012\Projects\timentris\timentris\x64\Debug\link.6532.read.1.tlog
C:\Users\Misha\Documents\Visual Studio 2012\Projects\timentris\timentris\x64\Debug\link.6532.write.1.tlog
C:\Users\Misha\Documents\Visual Studio 2012\Projects\timentris\timentris\x64\Debug\link.6740-cvtres.read.1.tlog
C:\Users\Misha\Documents\Visual Studio 2012\Projects\timentris\timentris\x64\Debug\link.6740-cvtres.write.1.tlog
C:\Users\Misha\Documents\Visual Studio 2012\Projects\timentris\timentris\x64\Debug\link.6740-rc.read.1.tlog
C:\Users\Misha\Documents\Visual Studio 2012\Projects\timentris\timentris\x64\Debug\link.6740-rc.write.1.tlog
C:\Users\Misha\Documents\Visual Studio 2012\Projects\timentris\timentris\x64\Debug\link.6740.read.1.tlog
C:\Users\Misha\Documents\Visual Studio 2012\Projects\timentris\timentris\x64\Debug\link.6740.write.1.tlog
C:\Users\Misha\Documents\Visual Studio 2012\Projects\timentris\timentris\x64\Debug\link.command.1.tlog
C:\Users\Misha\Documents\Visual Studio 2012\Projects\timentris\timentris\x64\Debug\link.read.1.tlog
C:\Users\Misha\Documents\Visual Studio 2012\Projects\timentris\timentris\x64\Debug\link.write.1.tlog
C:\Users\Misha\Documents\Visual Studio 2012\Projects\timentris\timentris\x64\Debug\vc110.idb
C:\Users\Misha\Documents\Visual Studio 2012\Projects\timentris\timentris\x64\Debug\vc110.pdb
C:\Users\Misha\Documents\Visual Studio 2012\Projects\timentris\x64\Debug\timentris.pdb
C:\Users\Misha\Documents\Visual Studio 2012\Projects\timentris\x64\Debug\timentris.exe
C:\Users\Misha\Documents\Visual Studio 2012\Projects\timentris\x64\Debug\timentris.ilk
