Build started 05.04.2014 15:27:53.
     1>Project "C:\Users\Misha\Documents\Visual Studio 2012\Projects\timentris\timentris\timentris.vcxproj" on node 2 (Build target(s)).
     1>ClCompile:
         C:\Program Files (x86)\Microsoft Visual Studio 11.0\VC\bin\CL.exe /c /Zi /nologo /W3 /WX- /O2 /Oi /Oy- /GL /D WIN32 /D NDEBUG /D _WINDOWS /D _UNICODE /D UNICODE /Gm- /EHsc /MD /GS /Gy /fp:precise /Zc:wchar_t /Zc:forScope /Fo"Release\\" /Fd"Release\vc110.pdb" /Gd /TP /analyze- /errorReport:prompt Configuration.cpp winMain.cpp
         Configuration.cpp
         winMain.cpp
       Link:
         C:\Program Files (x86)\Microsoft Visual Studio 11.0\VC\bin\link.exe /ERRORREPORT:PROMPT /OUT:"C:\Users\Misha\Documents\Visual Studio 2012\Projects\timentris\Release\timentris.exe" /INCREMENTAL:NO /NOLOGO tinyxml.lib tinyxml2.lib Shlwapi.lib kernel32.lib user32.lib gdi32.lib winspool.lib comdlg32.lib advapi32.lib shell32.lib ole32.lib oleaut32.lib uuid.lib odbc32.lib odbccp32.lib /MANIFEST /MANIFESTUAC:"level='asInvoker' uiAccess='false'" /manifest:embed /DEBUG /PDB:"C:\Users\Misha\Documents\Visual Studio 2012\Projects\timentris\Release\timentris.pdb" /SUBSYSTEM:WINDOWS /OPT:REF /OPT:ICF /LTCG /TLBID:1 /DYNAMICBASE /NXCOMPAT /IMPLIB:"C:\Users\Misha\Documents\Visual Studio 2012\Projects\timentris\Release\timentris.lib" /MACHINE:X86 /SAFESEH Release\Brick.obj
         Release\Configuration.obj
         Release\Cup.obj
         Release\Cup3dProjection.obj
         Release\TimentrisGame.obj
         Release\winMain.obj
         Release\Piece.obj
         Release\PieceHelper.obj
     1>LINK : warning LNK4098: defaultlib 'LIBCMT' conflicts with use of other libs; use /NODEFAULTLIB:library
         Generating code
         Finished generating code
         timentris.vcxproj -> C:\Users\Misha\Documents\Visual Studio 2012\Projects\timentris\Release\timentris.exe
     1>Done Building Project "C:\Users\Misha\Documents\Visual Studio 2012\Projects\timentris\timentris\timentris.vcxproj" (Build target(s)).

Build succeeded.

Time Elapsed 00:00:03.53
