C:\USERS\MISHA\DOCUMENTS\VISUAL STUDIO 2012\PROJECTS\TIMENTRIS\TIMENTRIS\DEBUG\BRICK.OBJ
C:\USERS\MISHA\DOCUMENTS\VISUAL STUDIO 2012\PROJECTS\TIMENTRIS\TIMENTRIS\DEBUG\CONFIGURATION.OBJ
C:\USERS\MISHA\DOCUMENTS\VISUAL STUDIO 2012\PROJECTS\TIMENTRIS\TIMENTRIS\DEBUG\CUP.OBJ
C:\USERS\MISHA\DOCUMENTS\VISUAL STUDIO 2012\PROJECTS\TIMENTRIS\TIMENTRIS\DEBUG\CUP3DPROJECTION.OBJ
C:\USERS\MISHA\DOCUMENTS\VISUAL STUDIO 2012\PROJECTS\TIMENTRIS\TIMENTRIS\DEBUG\MAIN.OBJ
C:\USERS\MISHA\DOCUMENTS\VISUAL STUDIO 2012\PROJECTS\TIMENTRIS\TIMENTRIS\DEBUG\TIMENTRISGAME.OBJ
C:\USERS\MISHA\DOCUMENTS\VISUAL STUDIO 2012\PROJECTS\TIMENTRIS\TIMENTRIS\DEBUG\WINMAIN.OBJ
C:\USERS\MISHA\DOCUMENTS\VISUAL STUDIO 2012\PROJECTS\TIMENTRIS\TIMENTRIS\DEBUG\PIECEHELPER.OBJ
C:\USERS\MISHA\DOCUMENTS\VISUAL STUDIO 2012\PROJECTS\TIMENTRIS\TIMENTRIS\DEBUG\VC110.PDB
C:\USERS\MISHA\DOCUMENTS\VISUAL STUDIO 2012\PROJECTS\TIMENTRIS\TIMENTRIS\DEBUG\PIECE.OBJ
C:\USERS\MISHA\DOCUMENTS\VISUAL STUDIO 2012\PROJECTS\TIMENTRIS\DEBUG\TIMENTRIS.ILK
C:\USERS\MISHA\DOCUMENTS\VISUAL STUDIO 2012\PROJECTS\TIMENTRIS\DEBUG\TIMENTRIS.EXE
C:\USERS\MISHA\DOCUMENTS\VISUAL STUDIO 2012\PROJECTS\TIMENTRIS\DEBUG\TIMENTRIS.PDB
C:\Users\Misha\Documents\Visual Studio 2012\Projects\timentris\timentris\Debug\Brick.obj
C:\Users\Misha\Documents\Visual Studio 2012\Projects\timentris\timentris\Debug\Configuration.obj
C:\Users\Misha\Documents\Visual Studio 2012\Projects\timentris\timentris\Debug\Cup.obj
C:\Users\Misha\Documents\Visual Studio 2012\Projects\timentris\timentris\Debug\Cup3dProjection.obj
C:\Users\Misha\Documents\Visual Studio 2012\Projects\timentris\timentris\Debug\main.obj
C:\Users\Misha\Documents\Visual Studio 2012\Projects\timentris\timentris\Debug\Piece.obj
C:\Users\Misha\Documents\Visual Studio 2012\Projects\timentris\timentris\Debug\PieceHelper.obj
C:\Users\Misha\Documents\Visual Studio 2012\Projects\timentris\timentris\Debug\TimentrisGame.obj
C:\Users\Misha\Documents\Visual Studio 2012\Projects\timentris\timentris\Debug\winMain.obj
C:\Users\Misha\Documents\Visual Studio 2012\Projects\timentris\timentris\Debug\cl.command.1.tlog
C:\Users\Misha\Documents\Visual Studio 2012\Projects\timentris\timentris\Debug\CL.read.1.tlog
C:\Users\Misha\Documents\Visual Studio 2012\Projects\timentris\timentris\Debug\CL.write.1.tlog
C:\Users\Misha\Documents\Visual Studio 2012\Projects\timentris\timentris\Debug\link-cvtres.read.1.tlog
C:\Users\Misha\Documents\Visual Studio 2012\Projects\timentris\timentris\Debug\link-cvtres.write.1.tlog
C:\Users\Misha\Documents\Visual Studio 2012\Projects\timentris\timentris\Debug\link-rc.read.1.tlog
C:\Users\Misha\Documents\Visual Studio 2012\Projects\timentris\timentris\Debug\link-rc.write.1.tlog
C:\Users\Misha\Documents\Visual Studio 2012\Projects\timentris\timentris\Debug\link.6036-cvtres.read.1.tlog
C:\Users\Misha\Documents\Visual Studio 2012\Projects\timentris\timentris\Debug\link.6036-cvtres.write.1.tlog
C:\Users\Misha\Documents\Visual Studio 2012\Projects\timentris\timentris\Debug\link.6036-rc.read.1.tlog
C:\Users\Misha\Documents\Visual Studio 2012\Projects\timentris\timentris\Debug\link.6036-rc.write.1.tlog
C:\Users\Misha\Documents\Visual Studio 2012\Projects\timentris\timentris\Debug\link.6036.read.1.tlog
C:\Users\Misha\Documents\Visual Studio 2012\Projects\timentris\timentris\Debug\link.6036.write.1.tlog
C:\Users\Misha\Documents\Visual Studio 2012\Projects\timentris\timentris\Debug\link.command.1.tlog
C:\Users\Misha\Documents\Visual Studio 2012\Projects\timentris\timentris\Debug\link.read.1.tlog
C:\Users\Misha\Documents\Visual Studio 2012\Projects\timentris\timentris\Debug\link.write.1.tlog
C:\Users\Misha\Documents\Visual Studio 2012\Projects\timentris\timentris\Debug\vc110.idb
C:\Users\Misha\Documents\Visual Studio 2012\Projects\timentris\timentris\Debug\vc110.pdb
C:\Users\Misha\Documents\Visual Studio 2012\Projects\timentris\Debug\timentris.pdb
C:\Users\Misha\Documents\Visual Studio 2012\Projects\timentris\Debug\timentris.exe
C:\Users\Misha\Documents\Visual Studio 2012\Projects\timentris\Debug\timentris.ilk
