C:\USERS\MISHA\DOCUMENTS\VISUAL STUDIO 2012\PROJECTS\TIMENTRIS\TIMENTRIS\X64\RELEASE\RENDER.OBJ
C:\USERS\MISHA\DOCUMENTS\VISUAL STUDIO 2012\PROJECTS\TIMENTRIS\TIMENTRIS\X64\RELEASE\CUP3DPROJECTION.OBJ
C:\USERS\MISHA\DOCUMENTS\VISUAL STUDIO 2012\PROJECTS\TIMENTRIS\TIMENTRIS\X64\RELEASE\MAIN.OBJ
C:\USERS\MISHA\DOCUMENTS\VISUAL STUDIO 2012\PROJECTS\TIMENTRIS\TIMENTRIS\X64\RELEASE\TIMENTRISGAME.OBJ
C:\USERS\MISHA\DOCUMENTS\VISUAL STUDIO 2012\PROJECTS\TIMENTRIS\TIMENTRIS\X64\RELEASE\INPUT.OBJ
C:\USERS\MISHA\DOCUMENTS\VISUAL STUDIO 2012\PROJECTS\TIMENTRIS\TIMENTRIS\X64\RELEASE\GLWINDOW.OBJ
C:\USERS\MISHA\DOCUMENTS\VISUAL STUDIO 2012\PROJECTS\TIMENTRIS\TIMENTRIS\X64\RELEASE\CUP.OBJ
C:\USERS\MISHA\DOCUMENTS\VISUAL STUDIO 2012\PROJECTS\TIMENTRIS\TIMENTRIS\X64\RELEASE\TRANSFORMATIONMATRICES.OBJ
C:\USERS\MISHA\DOCUMENTS\VISUAL STUDIO 2012\PROJECTS\TIMENTRIS\TIMENTRIS\X64\RELEASE\PIECEHELPER.OBJ
C:\USERS\MISHA\DOCUMENTS\VISUAL STUDIO 2012\PROJECTS\TIMENTRIS\TIMENTRIS\X64\RELEASE\PIECE.OBJ
C:\USERS\MISHA\DOCUMENTS\VISUAL STUDIO 2012\PROJECTS\TIMENTRIS\TIMENTRIS\X64\RELEASE\SHADERPROGRAM.OBJ
C:\USERS\MISHA\DOCUMENTS\VISUAL STUDIO 2012\PROJECTS\TIMENTRIS\TIMENTRIS\X64\RELEASE\SHADER.OBJ
C:\USERS\MISHA\DOCUMENTS\VISUAL STUDIO 2012\PROJECTS\TIMENTRIS\TIMENTRIS\X64\RELEASE\OPENGL.OBJ
C:\USERS\MISHA\DOCUMENTS\VISUAL STUDIO 2012\PROJECTS\TIMENTRIS\TIMENTRIS\X64\RELEASE\GAMEOBJECT.OBJ
C:\USERS\MISHA\DOCUMENTS\VISUAL STUDIO 2012\PROJECTS\TIMENTRIS\TIMENTRIS\X64\RELEASE\CONFIGURATION.OBJ
C:\USERS\MISHA\DOCUMENTS\VISUAL STUDIO 2012\PROJECTS\TIMENTRIS\TIMENTRIS\X64\RELEASE\CAMERA.OBJ
C:\USERS\MISHA\DOCUMENTS\VISUAL STUDIO 2012\PROJECTS\TIMENTRIS\TIMENTRIS\X64\RELEASE\BRICK.OBJ
C:\USERS\MISHA\DOCUMENTS\VISUAL STUDIO 2012\PROJECTS\TIMENTRIS\TIMENTRIS\X64\RELEASE\VC110.PDB
C:\USERS\MISHA\DOCUMENTS\VISUAL STUDIO 2012\PROJECTS\TIMENTRIS\X64\RELEASE\TIMENTRIS.EXE
C:\USERS\MISHA\DOCUMENTS\VISUAL STUDIO 2012\PROJECTS\TIMENTRIS\X64\RELEASE\TIMENTRIS.PDB
C:\Users\Misha\Documents\Visual Studio 2012\Projects\timentris\timentris\x64\Release\Brick.obj
C:\Users\Misha\Documents\Visual Studio 2012\Projects\timentris\timentris\x64\Release\Camera.obj
C:\Users\Misha\Documents\Visual Studio 2012\Projects\timentris\timentris\x64\Release\Configuration.obj
C:\Users\Misha\Documents\Visual Studio 2012\Projects\timentris\timentris\x64\Release\Cup.obj
C:\Users\Misha\Documents\Visual Studio 2012\Projects\timentris\timentris\x64\Release\Cup3dProjection.obj
C:\Users\Misha\Documents\Visual Studio 2012\Projects\timentris\timentris\x64\Release\GameObject.obj
C:\Users\Misha\Documents\Visual Studio 2012\Projects\timentris\timentris\x64\Release\GLWindow.obj
C:\Users\Misha\Documents\Visual Studio 2012\Projects\timentris\timentris\x64\Release\Input.obj
C:\Users\Misha\Documents\Visual Studio 2012\Projects\timentris\timentris\x64\Release\main.obj
C:\Users\Misha\Documents\Visual Studio 2012\Projects\timentris\timentris\x64\Release\OpenGL.obj
C:\Users\Misha\Documents\Visual Studio 2012\Projects\timentris\timentris\x64\Release\Piece.obj
C:\Users\Misha\Documents\Visual Studio 2012\Projects\timentris\timentris\x64\Release\PieceHelper.obj
C:\Users\Misha\Documents\Visual Studio 2012\Projects\timentris\timentris\x64\Release\Render.obj
C:\Users\Misha\Documents\Visual Studio 2012\Projects\timentris\timentris\x64\Release\Shader.obj
C:\Users\Misha\Documents\Visual Studio 2012\Projects\timentris\timentris\x64\Release\ShaderProgram.obj
C:\Users\Misha\Documents\Visual Studio 2012\Projects\timentris\timentris\x64\Release\TimentrisGame.obj
C:\Users\Misha\Documents\Visual Studio 2012\Projects\timentris\timentris\x64\Release\TransformationMatrices.obj
C:\Users\Misha\Documents\Visual Studio 2012\Projects\timentris\timentris\x64\Release\cl.command.1.tlog
C:\Users\Misha\Documents\Visual Studio 2012\Projects\timentris\timentris\x64\Release\CL.read.1.tlog
C:\Users\Misha\Documents\Visual Studio 2012\Projects\timentris\timentris\x64\Release\CL.write.1.tlog
C:\Users\Misha\Documents\Visual Studio 2012\Projects\timentris\timentris\x64\Release\link-cvtres.read.1.tlog
C:\Users\Misha\Documents\Visual Studio 2012\Projects\timentris\timentris\x64\Release\link-cvtres.write.1.tlog
C:\Users\Misha\Documents\Visual Studio 2012\Projects\timentris\timentris\x64\Release\link-rc.read.1.tlog
C:\Users\Misha\Documents\Visual Studio 2012\Projects\timentris\timentris\x64\Release\link-rc.write.1.tlog
C:\Users\Misha\Documents\Visual Studio 2012\Projects\timentris\timentris\x64\Release\link.command.1.tlog
C:\Users\Misha\Documents\Visual Studio 2012\Projects\timentris\timentris\x64\Release\link.read.1.tlog
C:\Users\Misha\Documents\Visual Studio 2012\Projects\timentris\timentris\x64\Release\link.write.1.tlog
C:\Users\Misha\Documents\Visual Studio 2012\Projects\timentris\timentris\x64\Release\vc110.pdb
C:\Users\Misha\Documents\Visual Studio 2012\Projects\timentris\x64\Release\timentris.pdb
C:\Users\Misha\Documents\Visual Studio 2012\Projects\timentris\x64\Release\timentris.exe
