Build started 05.02.2018 18:35:21.
     1>Project "C:\Users\Misha\Documents\Visual Studio 2012\Projects\timentris\timentris\timentris.vcxproj" on node 2 (Build target(s)).
     1>ClCompile:
         C:\Program Files (x86)\Microsoft Visual Studio 11.0\VC\bin\x86_amd64\CL.exe /c /I"C:\Users\Misha\Documents\Visual Studio 2012\Projects\timentris\include" /Zi /nologo /W3 /WX- /O2 /Ob2 /Oi /Ot /GL /D WIN32 /D NDEBUG /D _WINDOWS /D _UNICODE /D UNICODE /Gm- /EHsc /MD /GS /Gy /arch:AVX /fp:precise /Zc:wchar_t /Zc:forScope /Fo"x64\Release\\" /Fd"x64\Release\vc110.pdb" /Gd /TP /errorReport:prompt Render.cpp
         Render.cpp
     1>Render.cpp(291): warning C4018: '<' : signed/unsigned mismatch
     1>Render.cpp(292): warning C4018: '<' : signed/unsigned mismatch
     1>Render.cpp(293): warning C4018: '<' : signed/unsigned mismatch
     1>Render.cpp(317): warning C4018: '<' : signed/unsigned mismatch
     1>Render.cpp(318): warning C4018: '<' : signed/unsigned mismatch
     1>Render.cpp(319): warning C4018: '<' : signed/unsigned mismatch
     1>Render.cpp(343): warning C4018: '<' : signed/unsigned mismatch
     1>Render.cpp(344): warning C4018: '<' : signed/unsigned mismatch
     1>Render.cpp(345): warning C4018: '<' : signed/unsigned mismatch
     1>Render.cpp(369): warning C4018: '<' : signed/unsigned mismatch
     1>Render.cpp(370): warning C4018: '<' : signed/unsigned mismatch
     1>Render.cpp(371): warning C4018: '<' : signed/unsigned mismatch
       Link:
         C:\Program Files (x86)\Microsoft Visual Studio 11.0\VC\bin\x86_amd64\link.exe /ERRORREPORT:PROMPT /OUT:"C:\Users\Misha\Documents\Visual Studio 2012\Projects\timentris\x64\Release\timentris.exe" /INCREMENTAL:NO /NOLOGO tinyxml2.lib Shlwapi.lib opengl32.lib kernel32.lib user32.lib gdi32.lib winspool.lib comdlg32.lib advapi32.lib shell32.lib ole32.lib oleaut32.lib uuid.lib odbc32.lib odbccp32.lib /MANIFEST /MANIFESTUAC:"level='asInvoker' uiAccess='false'" /manifest:embed /DEBUG /PDB:"C:\Users\Misha\Documents\Visual Studio 2012\Projects\timentris\x64\Release\timentris.pdb" /SUBSYSTEM:CONSOLE /OPT:REF /OPT:ICF /LTCG /TLBID:1 /DYNAMICBASE /NXCOMPAT /IMPLIB:"C:\Users\Misha\Documents\Visual Studio 2012\Projects\timentris\x64\Release\timentris.lib" /MACHINE:X64 x64\Release\Brick.obj
         x64\Release\Camera.obj
         x64\Release\Configuration.obj
         x64\Release\Cup.obj
         x64\Release\Cup3dProjection.obj
         x64\Release\GameObject.obj
         x64\Release\GLWindow.obj
         x64\Release\Input.obj
         x64\Release\main.obj
         x64\Release\OpenGL.obj
         x64\Release\Render.obj
         x64\Release\Shader.obj
         x64\Release\ShaderProgram.obj
         x64\Release\TimentrisGame.obj
         x64\Release\Piece.obj
         x64\Release\PieceHelper.obj
         x64\Release\TransformationMatrices.obj
         Generating code
         Finished generating code
         timentris.vcxproj -> C:\Users\Misha\Documents\Visual Studio 2012\Projects\timentris\x64\Release\timentris.exe
       PostBuildEvent:
         xcopy "C:\Users\Misha\Documents\Visual Studio 2012\Projects\timentris\timentris\shaders\*.*" "C:\Users\Misha\Documents\Visual Studio 2012\Projects\timentris\x64\Release\shaders\" /Y /S /E
         xcopy "C:\Users\Misha\Documents\Visual Studio 2012\Projects\timentris\timentris\pieces\*.*" "C:\Users\Misha\Documents\Visual Studio 2012\Projects\timentris\x64\Release\pieces\" /Y /S /E
         :VCEnd
         C:\Users\Misha\Documents\Visual Studio 2012\Projects\timentris\timentris\shaders\grid.fs.glsl
         C:\Users\Misha\Documents\Visual Studio 2012\Projects\timentris\timentris\shaders\grid.gs.glsl
         C:\Users\Misha\Documents\Visual Studio 2012\Projects\timentris\timentris\shaders\grid.vs.glsl
         C:\Users\Misha\Documents\Visual Studio 2012\Projects\timentris\timentris\shaders\lesson.fs.glsl
         C:\Users\Misha\Documents\Visual Studio 2012\Projects\timentris\timentris\shaders\lesson.vs.glsl
         5 File(s) copied
         C:\Users\Misha\Documents\Visual Studio 2012\Projects\timentris\timentris\pieces\dot.piece
         C:\Users\Misha\Documents\Visual Studio 2012\Projects\timentris\timentris\pieces\I.piece
         C:\Users\Misha\Documents\Visual Studio 2012\Projects\timentris\timentris\pieces\L.piece
         C:\Users\Misha\Documents\Visual Studio 2012\Projects\timentris\timentris\pieces\reverseL.piece
         C:\Users\Misha\Documents\Visual Studio 2012\Projects\timentris\timentris\pieces\tesseract2222.piece
         5 File(s) copied
     1>Done Building Project "C:\Users\Misha\Documents\Visual Studio 2012\Projects\timentris\timentris\timentris.vcxproj" (Build target(s)).

Build succeeded.

Time Elapsed 00:00:15.48
